2013-01-11T06:24:39+00:00 DEBUG (7): Exception message: SQLSTATE[23000]: Integrity constraint violation: 1452 Cannot add or update a child row: a foreign key constraint fails (`ccdydode_magento`.`catalog_product_index_group_price`, CONSTRAINT `FK_CAT_PRD_IDX_GROUP_PRICE_ENTT_ID_CAT_PRD_ENTT_ENTT_ID` FOREIGN KEY (`entity_id`) REFERENCES `catalog_product_entity` (`ent)
Trace: #0 /home2/ccdydode/public_html/lib/Varien/Db/Statement/Pdo/Mysql.php(110): Zend_Db_Statement_Pdo->_execute(Array)
#1 /home2/ccdydode/public_html/lib/Zend/Db/Statement.php(300): Varien_Db_Statement_Pdo_Mysql->_execute(Array)
#2 /home2/ccdydode/public_html/lib/Zend/Db/Adapter/Abstract.php(479): Zend_Db_Statement->execute(Array)
#3 /home2/ccdydode/public_html/lib/Zend/Db/Adapter/Pdo/Abstract.php(238): Zend_Db_Adapter_Abstract->query('INSERT INTO `ca...', Array)
#4 /home2/ccdydode/public_html/lib/Varien/Db/Adapter/Pdo/Mysql.php(419): Zend_Db_Adapter_Pdo_Abstract->query('INSERT INTO `ca...', Array)
#5 /home2/ccdydode/public_html/app/code/core/Mage/Catalog/Model/Resource/Product/Indexer/Price.php(498): Varien_Db_Adapter_Pdo_Mysql->query('INSERT INTO `ca...')
#6 /home2/ccdydode/public_html/app/code/core/Mage/Catalog/Model/Resource/Product/Indexer/Price.php(380): Mage_Catalog_Model_Resource_Product_Indexer_Price->_prepareGroupPriceIndex()
#7 /home2/ccdydode/public_html/app/code/core/Mage/Index/Model/Indexer/Abstract.php(143): Mage_Catalog_Model_Resource_Product_Indexer_Price->reindexAll()
#8 /home2/ccdydode/public_html/app/code/core/Mage/Index/Model/Process.php(209): Mage_Index_Model_Indexer_Abstract->reindexAll()
#9 /home2/ccdydode/public_html/app/code/core/Mage/Index/Model/Process.php(255): Mage_Index_Model_Process->reindexAll()
#10 /home2/ccdydode/public_html/app/code/core/Mage/Index/controllers/Adminhtml/ProcessController.php(178): Mage_Index_Model_Process->reindexEverything()
#11 /home2/ccdydode/public_html/app/code/core/Mage/Core/Controller/Varien/Action.php(419): Mage_Index_Adminhtml_ProcessController->massReindexAction()
#12 /home2/ccdydode/public_html/app/code/core/Mage/Core/Controller/Varien/Router/Standard.php(250): Mage_Core_Controller_Varien_Action->dispatch('massReindex')
#13 /home2/ccdydode/public_html/app/code/core/Mage/Core/Controller/Varien/Front.php(176): Mage_Core_Controller_Varien_Router_Standard->match(Object(Mage_Core_Controller_Request_Http))
#14 /home2/ccdydode/public_html/app/code/core/Mage/Core/Model/App.php(354): Mage_Core_Controller_Varien_Front->dispatch()
#15 /home2/ccdydode/public_html/app/Mage.php(683): Mage_Core_Model_App->run(Array)
#16 /home2/ccdydode/public_html/index.php(87): Mage::run('', 'store')
#17 {main}
2013-01-11T06:28:17+00:00 DEBUG (7): Exception message: SQLSTATE[23000]: Integrity constraint violation: 1452 Cannot add or update a child row: a foreign key constraint fails (`ccdydode_magento`.`catalog_product_index_group_price`, CONSTRAINT `FK_CAT_PRD_IDX_GROUP_PRICE_ENTT_ID_CAT_PRD_ENTT_ENTT_ID` FOREIGN KEY (`entity_id`) REFERENCES `catalog_product_entity` (`ent)
Trace: #0 /home2/ccdydode/public_html/lib/Varien/Db/Statement/Pdo/Mysql.php(110): Zend_Db_Statement_Pdo->_execute(Array)
#1 /home2/ccdydode/public_html/lib/Zend/Db/Statement.php(300): Varien_Db_Statement_Pdo_Mysql->_execute(Array)
#2 /home2/ccdydode/public_html/lib/Zend/Db/Adapter/Abstract.php(479): Zend_Db_Statement->execute(Array)
#3 /home2/ccdydode/public_html/lib/Zend/Db/Adapter/Pdo/Abstract.php(238): Zend_Db_Adapter_Abstract->query('INSERT INTO `ca...', Array)
#4 /home2/ccdydode/public_html/lib/Varien/Db/Adapter/Pdo/Mysql.php(419): Zend_Db_Adapter_Pdo_Abstract->query('INSERT INTO `ca...', Array)
#5 /home2/ccdydode/public_html/app/code/core/Mage/Catalog/Model/Resource/Product/Indexer/Price.php(498): Varien_Db_Adapter_Pdo_Mysql->query('INSERT INTO `ca...')
#6 /home2/ccdydode/public_html/app/code/core/Mage/Catalog/Model/Resource/Product/Indexer/Price.php(380): Mage_Catalog_Model_Resource_Product_Indexer_Price->_prepareGroupPriceIndex()
#7 /home2/ccdydode/public_html/app/code/core/Mage/Index/Model/Indexer/Abstract.php(143): Mage_Catalog_Model_Resource_Product_Indexer_Price->reindexAll()
#8 /home2/ccdydode/public_html/app/code/core/Mage/Index/Model/Process.php(209): Mage_Index_Model_Indexer_Abstract->reindexAll()
#9 /home2/ccdydode/public_html/app/code/core/Mage/Index/Model/Process.php(255): Mage_Index_Model_Process->reindexAll()
#10 /home2/ccdydode/public_html/app/code/core/Mage/Index/controllers/Adminhtml/ProcessController.php(178): Mage_Index_Model_Process->reindexEverything()
#11 /home2/ccdydode/public_html/app/code/core/Mage/Core/Controller/Varien/Action.php(419): Mage_Index_Adminhtml_ProcessController->massReindexAction()
#12 /home2/ccdydode/public_html/app/code/core/Mage/Core/Controller/Varien/Router/Standard.php(250): Mage_Core_Controller_Varien_Action->dispatch('massReindex')
#13 /home2/ccdydode/public_html/app/code/core/Mage/Core/Controller/Varien/Front.php(176): Mage_Core_Controller_Varien_Router_Standard->match(Object(Mage_Core_Controller_Request_Http))
#14 /home2/ccdydode/public_html/app/code/core/Mage/Core/Model/App.php(354): Mage_Core_Controller_Varien_Front->dispatch()
#15 /home2/ccdydode/public_html/app/Mage.php(683): Mage_Core_Model_App->run(Array)
#16 /home2/ccdydode/public_html/index.php(87): Mage::run('', 'store')
#17 {main}
